\BOOKMARK [0][-]{chapter.1}{Introduction}{}% 1
\BOOKMARK [1][-]{section.1.1}{Problem statement}{chapter.1}% 2
\BOOKMARK [2][-]{subsection.1.1.1}{Distributed image processing}{section.1.1}% 3
\BOOKMARK [2][-]{subsection.1.1.2}{Why use MapReduce?}{section.1.1}% 4
\BOOKMARK [0][-]{chapter.2}{Background}{}% 5
\BOOKMARK [1][-]{section.2.1}{Relevant work}{chapter.2}% 6
\BOOKMARK [1][-]{section.2.2}{MapReduce}{chapter.2}% 7
\BOOKMARK [2][-]{subsection.2.2.1}{Apache Hadoop}{section.2.2}% 8
\BOOKMARK [1][-]{section.2.3}{Image processing}{chapter.2}% 9
\BOOKMARK [2][-]{subsection.2.3.1}{Common applications}{section.2.3}% 10
\BOOKMARK [2][-]{subsection.2.3.2}{ImageJ}{section.2.3}% 11
\BOOKMARK [2][-]{subsection.2.3.3}{OpenCV}{section.2.3}% 12
\BOOKMARK [2][-]{subsection.2.3.4}{Tesseract}{section.2.3}% 13
\BOOKMARK [2][-]{subsection.2.3.5}{Pandore}{section.2.3}% 14
\BOOKMARK [2][-]{subsection.2.3.6}{ImageMagick}{section.2.3}% 15
\BOOKMARK [1][-]{section.2.4}{Image processing and MapReduce}{chapter.2}% 16
\BOOKMARK [0][-]{chapter.3}{Use case}{}% 17
\BOOKMARK [1][-]{section.3.1}{Analysis and processing of a large image}{chapter.3}% 18
\BOOKMARK [2][-]{subsection.3.1.1}{Description of the data and use case}{section.3.1}% 19
\BOOKMARK [2][-]{subsection.3.1.2}{Bilateral Filter}{section.3.1}% 20
\BOOKMARK [2][-]{subsection.3.1.3}{Performance}{section.3.1}% 21
\BOOKMARK [1][-]{section.3.2}{Analysis of many small images}{chapter.3}% 22
\BOOKMARK [2][-]{subsection.3.2.1}{Description of the data and possible use case}{section.3.2}% 23
\BOOKMARK [2][-]{subsection.3.2.2}{Problem statement}{section.3.2}% 24
\BOOKMARK [2][-]{subsection.3.2.3}{Performance}{section.3.2}% 25
\BOOKMARK [0][-]{chapter.4}{Overview and discussion}{}% 26
\BOOKMARK [0][-]{chapter.4}{Bibliography}{}% 27
